This is pdfTeX, Version 3.1415926-2.3-1.40.12 (MiKTeX 2.9) (preloaded format=latex 2021.11.11)  29 NOV 2023 15:24
entering extended mode
**template.tex
(E:\xiaojie\Typeset\TaoBao\20231129\done\template.tex
LaTeX2e <2011/06/27>
Babel <v3.8m> and hyphenation patterns for loaded.
(E:\xiaojie\Typeset\TaoBao\20231129\done\aas.cls
Document Class: aas 2006/04/24 v0.3 AAS CJK LaTeX template class
(D:\CTEX\MiKTeX\tex\latex\base\article.cls
Document Class: article 2007/10/19 v1.4h Standard LaTeX document class
(D:\CTEX\MiKTeX\tex\latex\base\size10.clo
File: size10.clo 2007/10/19 v1.4h Standard LaTeX file (size option)
)
\c@part=\count79
\c@section=\count80
\c@subsection=\count81
\c@subsubsection=\count82
\c@paragraph=\count83
\c@subparagraph=\count84
\c@figure=\count85
\c@table=\count86
\abovecaptionskip=\skip41
\belowcaptionskip=\skip42
\bibindent=\dimen102
)
(D:\CTEX\MiKTeX\tex\latex\base\ifthen.sty
Package: ifthen 2001/05/26 v1.1c Standard LaTeX ifthen package (DPC)
)
(E:\xiaojie\Typeset\TaoBao\20231129\done\flushend.sty
Package: flushend 2002/06/11
\@aaa=\box26
\@ccc=\box27
\lastskip@a=\skip43
\lastskip@b=\skip44
\lastskip@d=\skip45
\lastbox@a=\box28
\@viper=\box29
\hold@viper=\box30
\atColsBreak=\toks14
\@extra@skip=\dimen103
\@nd@page@rule=\dimen104
)
(D:\CTEX\MiKTeX\tex\latex\cjk\CJK.sty
Package: CJK 2008/12/29 4.8.2

(D:\CTEX\MiKTeX\tex\latex\cjk\mule\MULEenc.sty
Package: MULEenc 2008/12/29 4.8.2
)
(D:\CTEX\MiKTeX\tex\latex\cjk\CJK.enc
File: CJK.enc 2008/12/29 4.8.2
)
LaTeX Info: Redefining \selectfont on input line 756.
\CJK@indent=\box31
)
(D:\CTEX\MiKTeX\tex\latex\cjk\CJKnumb.sty
Package: CJKnumb 2008/12/29 4.8.2
\CJK@q=\count87
\CJK@r=\count88
)
(E:\xiaojie\Typeset\TaoBao\20231129\done\CJKpunct.sty
Package: CJKpunct 2005/10/18 4.6.0
LaTeX Info: Redefining \texttt on input line 419.
)
(E:\xiaojie\Typeset\TaoBao\20231129\done\picins.sty
Option `picins' Version 3.0 Sep. 1992, TH Darmstadt/HRZ
\@BILD=\box32
\@TEXT=\box33
\d@breite=\dimen105
\d@hoehe=\dimen106
\d@xoff=\dimen107
\d@yoff=\dimen108
\d@shad=\dimen109
\d@dash=\dimen110
\d@boxl=\dimen111
\d@pichskip=\dimen112
\d@tmp=\dimen113
\d@tmpa=\dimen114
\d@bskip=\dimen115
\hsiz@=\dimen116
\p@getot@l=\dimen117
\c@breite=\count89
\c@hoehe=\count90
\c@xoff=\count91
\c@yoff=\count92
\c@pos=\count93
\c@shad=\count94
\c@dash=\count95
\c@boxl=\count96
\c@zeilen=\count97
\@changemode=\count98
\c@piccaption=\count99
\c@piccaptionpos=\count100
\c@picpos=\count101
\c@whole=\count102
\c@half=\count103
\c@tmp=\count104
\c@tmpa=\count105
\c@tmpb=\count106
\c@tmpc=\count107
\c@tmpd=\count108
\d@leftskip=\skip46
\ptoti=\dimen118
\ptotii=\dimen119
\env@box=\box34
\d@envdp=\dimen120
\c@hsize=\count109
\c@envdp=\count110
\d@envb=\dimen121
)
(D:\CTEX\MiKTeX\tex\latex\tools\calc.sty
Package: calc 2007/08/22 v4.3 Infix arithmetic (KKT,FJ)
\calc@Acount=\count111
\calc@Bcount=\count112
\calc@Adimen=\dimen122
\calc@Bdimen=\dimen123
\calc@Askip=\skip47
\calc@Bskip=\skip48
LaTeX Info: Redefining \setlength on input line 76.
LaTeX Info: Redefining \addtolength on input line 77.
\calc@Ccount=\count113
\calc@Cskip=\skip49
)
\aas@linespace=\skip50


LaTeX Font Warning: Font shape `OT1/cmr/m/n' in size <10.53937> not available
(Font)              size <10.95> substituted on input line 134.

) (D:\CTEX\MiKTeX\tex\latex\tools\multicol.sty
Package: multicol 2011/06/27 v1.7a multicolumn formatting (FMi)
\c@tracingmulticols=\count114
\mult@box=\box35
\multicol@leftmargin=\dimen124
\c@unbalance=\count115
\c@collectmore=\count116
\doublecol@number=\count117
\multicoltolerance=\count118
\multicolpretolerance=\count119
\full@width=\dimen125
\page@free=\dimen126
\premulticols=\dimen127
\postmulticols=\dimen128
\multicolsep=\skip51
\multicolbaselineskip=\skip52
\partial@page=\box36
\last@line=\box37
\mult@rightbox=\box38
\mult@grightbox=\box39
\mult@gfirstbox=\box40
\mult@firstbox=\box41
\@tempa=\box42
\@tempa=\box43
\@tempa=\box44
\@tempa=\box45
\@tempa=\box46
\@tempa=\box47
\@tempa=\box48
\@tempa=\box49
\@tempa=\box50
\@tempa=\box51
\@tempa=\box52
\@tempa=\box53
\@tempa=\box54
\@tempa=\box55
\@tempa=\box56
\@tempa=\box57
\@tempa=\box58
\c@columnbadness=\count120
\c@finalcolumnbadness=\count121
\last@try=\dimen129
\multicolovershoot=\dimen130
\multicolundershoot=\dimen131
\mult@nat@firstbox=\box59
\colbreak@box=\box60
\multicol@sort@counter=\count122
)
(E:\xiaojie\Typeset\TaoBao\20231129\done\psfig.sty
\@unused=\write3
\ps@stream=\read1
\p@intvaluex=\dimen132
\p@intvaluey=\dimen133

psfig/tex 1.10-dvips
) (D:\CTEX\MiKTeX\tex\latex\subfigure\subfigure.sty
Package: subfigure 2002/07/30 v2.1.4 subfigure package
\subfigtopskip=\skip53
\subfigcapskip=\skip54
\subfigcaptopadj=\dimen134
\subfigbottomskip=\skip55
\subfigcapmargin=\dimen135
\subfiglabelskip=\skip56
\c@subfigure=\count123
\c@lofdepth=\count124
\c@subtable=\count125
\c@lotdepth=\count126

****************************************
* Local config file subfigure.cfg used *
****************************************
(D:\CTEX\MiKTeX\tex\latex\subfigure\subfigure.cfg)
\subfig@top=\skip57
\subfig@bottom=\skip58
)
(D:\CTEX\MiKTeX\tex\latex\ams\math\amsmath.sty
Package: amsmath 2000/07/18 v2.13 AMS math features
\@mathmargin=\skip59

For additional information on amsmath, use the `?' option.
(D:\CTEX\MiKTeX\tex\latex\ams\math\amstext.sty
Package: amstext 2000/06/29 v2.01

(D:\CTEX\MiKTeX\tex\latex\ams\math\amsgen.sty
File: amsgen.sty 1999/11/30 v2.0
\@emptytoks=\toks15
\ex@=\dimen136
))
(D:\CTEX\MiKTeX\tex\latex\ams\math\amsbsy.sty
Package: amsbsy 1999/11/29 v1.2d
\pmbraise@=\dimen137
)
(D:\CTEX\MiKTeX\tex\latex\ams\math\amsopn.sty
Package: amsopn 1999/12/14 v2.01 operator names
)
\inf@bad=\count127
LaTeX Info: Redefining \frac on input line 211.
\uproot@=\count128
\leftroot@=\count129
LaTeX Info: Redefining \overline on input line 307.
\classnum@=\count130
\DOTSCASE@=\count131
LaTeX Info: Redefining \ldots on input line 379.
LaTeX Info: Redefining \dots on input line 382.
LaTeX Info: Redefining \cdots on input line 467.
\Mathstrutbox@=\box61
\strutbox@=\box62
\big@size=\dimen138
LaTeX Font Info:    Redeclaring font encoding OML on input line 567.
LaTeX Font Info:    Redeclaring font encoding OMS on input line 568.
\macc@depth=\count132
\c@MaxMatrixCols=\count133
\dotsspace@=\muskip10
\c@parentequation=\count134
\dspbrk@lvl=\count135
\tag@help=\toks16
\row@=\count136
\column@=\count137
\maxfields@=\count138
\andhelp@=\toks17
\eqnshift@=\dimen139
\alignsep@=\dimen140
\tagshift@=\dimen141
\tagwidth@=\dimen142
\totwidth@=\dimen143
\lineht@=\dimen144
\@envbody=\toks18
\multlinegap=\skip60
\multlinetaggap=\skip61
\mathdisplay@stack=\toks19
LaTeX Info: Redefining \[ on input line 2666.
LaTeX Info: Redefining \] on input line 2667.
)
(D:\CTEX\MiKTeX\tex\latex\amsfonts\amssymb.sty
Package: amssymb 2009/06/22 v3.00

(D:\CTEX\MiKTeX\tex\latex\amsfonts\amsfonts.sty
Package: amsfonts 2009/06/22 v3.00 Basic AMSFonts support
\symAMSa=\mathgroup4
\symAMSb=\mathgroup5
LaTeX Font Info:    Overwriting math alphabet `\mathfrak' in version `bold'
(Font)                  U/euf/m/n --> U/euf/b/n on input line 96.
))
(D:\CTEX\MiKTeX\tex\latex\ams\classes\amsthm.sty
Package: amsthm 2004/08/06 v2.20
\thm@style=\toks20
\thm@bodyfont=\toks21
\thm@headfont=\toks22
\thm@notefont=\toks23
\thm@headpunct=\toks24
\thm@preskip=\skip62
\thm@postskip=\skip63
\thm@headsep=\skip64
\dth@everypar=\toks25
)
(D:\CTEX\MiKTeX\tex\latex\graphics\graphicx.sty
Package: graphicx 1999/02/16 v1.0f Enhanced LaTeX Graphics (DPC,SPQR)

(D:\CTEX\MiKTeX\tex\latex\graphics\keyval.sty
Package: keyval 1999/03/16 v1.13 key=value parser (DPC)
\KV@toks@=\toks26
)
(D:\CTEX\MiKTeX\tex\latex\graphics\graphics.sty
Package: graphics 2009/02/05 v1.0o Standard LaTeX Graphics (DPC,SPQR)

(D:\CTEX\MiKTeX\tex\latex\graphics\trig.sty
Package: trig 1999/03/16 v1.09 sin cos tan (DPC)
)
(D:\CTEX\MiKTeX\tex\latex\00miktex\graphics.cfg
File: graphics.cfg 2007/01/18 v1.5 graphics configuration of teTeX/TeXLive
)
Package graphics Info: Driver file: dvips.def on input line 91.

(D:\CTEX\MiKTeX\tex\latex\graphics\dvips.def
File: dvips.def 1999/02/16 v3.0i Driver-dependant file (DPC,SPQR)
))
\Gin@req@height=\dimen145
\Gin@req@width=\dimen146
)
(D:\CTEX\MiKTeX\tex\latex\oberdiek\epstopdf.sty
Package: epstopdf 2010/02/09 v2.5 Conversion with epstopdf on the fly (HO)

(D:\CTEX\MiKTeX\tex\latex\oberdiek\epstopdf-base.sty
Package: epstopdf-base 2010/02/09 v2.5 Base part for package epstopdf

(D:\CTEX\MiKTeX\tex\generic\oberdiek\infwarerr.sty
Package: infwarerr 2010/04/08 v1.3 Providing info/warning/message (HO)
)
(D:\CTEX\MiKTeX\tex\latex\oberdiek\grfext.sty
Package: grfext 2010/08/19 v1.1 Managing graphics extensions (HO)

(D:\CTEX\MiKTeX\tex\generic\oberdiek\kvdefinekeys.sty
Package: kvdefinekeys 2011/04/07 v1.3 Defining keys (HO)

(D:\CTEX\MiKTeX\tex\generic\oberdiek\ltxcmds.sty
Package: ltxcmds 2011/04/18 v1.20 LaTeX kernel commands for general use (HO)
)))
(D:\CTEX\MiKTeX\tex\latex\oberdiek\kvoptions.sty
Package: kvoptions 2010/12/23 v3.10 Keyval support for LaTeX options (HO)

(D:\CTEX\MiKTeX\tex\generic\oberdiek\kvsetkeys.sty
Package: kvsetkeys 2011/04/07 v1.13 Key value parser (HO)

(D:\CTEX\MiKTeX\tex\generic\oberdiek\etexcmds.sty
Package: etexcmds 2011/02/16 v1.5 Prefix for e-TeX command names (HO)

(D:\CTEX\MiKTeX\tex\generic\oberdiek\ifluatex.sty
Package: ifluatex 2010/03/01 v1.3 Provides the ifluatex switch (HO)
Package ifluatex Info: LuaTeX not detected.
)
Package etexcmds Info: Could not find \expanded.
(etexcmds)             That can mean that you are not using pdfTeX 1.50 or
(etexcmds)             that some package has redefined \expanded.
(etexcmds)             In the latter case, load this package earlier.
)))
(D:\CTEX\MiKTeX\tex\generic\oberdiek\pdftexcmds.sty
Package: pdftexcmds 2011/04/22 v0.16 Utilities of pdfTeX for LuaTeX (HO)

(D:\CTEX\MiKTeX\tex\generic\oberdiek\ifpdf.sty
Package: ifpdf 2011/01/30 v2.3 Provides the ifpdf switch (HO)
Package ifpdf Info: pdfTeX in PDF mode is not detected.
)
Package pdftexcmds Info: LuaTeX not detected.
Package pdftexcmds Info: \pdf@primitive is available.
Package pdftexcmds Info: \pdf@ifprimitive is available.
Package pdftexcmds Info: \pdfdraftmode is ignored in DVI mode.
)

Package epstopdf Warning: Drivers other than `pdftex.def' are not supported.

)) (D:\CTEX\MiKTeX\tex\latex\ltxmisc\url.sty
\Urlmuskip=\muskip11
Package: url 2006/04/12  ver 3.3  Verb mode for urls, etc.
)
(D:\CTEX\MiKTeX\tex\latex\ccaption\ccaption.sty
Package: ccaption 2011/08/07 v3.2c Extended captioning and new floats
\@contcwidth=\skip65
\@contindw=\skip66
\abovelegendskip=\skip67
\belowlegendskip=\skip68
\c@newflo@tctr=\count139
)
(D:\CTEX\MiKTeX\tex\latex\booktabs\booktabs.sty
Package: booktabs 2005/04/14 v1.61803 publication quality tables
\heavyrulewidth=\dimen147
\lightrulewidth=\dimen148
\cmidrulewidth=\dimen149
\belowrulesep=\dimen150
\belowbottomsep=\dimen151
\aboverulesep=\dimen152
\abovetopsep=\dimen153
\cmidrulesep=\dimen154
\cmidrulekern=\dimen155
\defaultaddspace=\dimen156
\@cmidla=\count140
\@cmidlb=\count141
\@aboverulesep=\dimen157
\@belowrulesep=\dimen158
\@thisruleclass=\count142
\@lastruleclass=\count143
\@thisrulewidth=\dimen159
)
(E:\xiaojie\Typeset\TaoBao\20231129\done\template.aux)
LaTeX Font Info:    Checking defaults for OML/cmm/m/it on input line 18.
LaTeX Font Info:    ... okay on input line 18.
LaTeX Font Info:    Checking defaults for T1/cmr/m/n on input line 18.
LaTeX Font Info:    ... okay on input line 18.
LaTeX Font Info:    Checking defaults for OT1/cmr/m/n on input line 18.
LaTeX Font Info:    ... okay on input line 18.
LaTeX Font Info:    Checking defaults for OMS/cmsy/m/n on input line 18.
LaTeX Font Info:    ... okay on input line 18.
LaTeX Font Info:    Checking defaults for OMX/cmex/m/n on input line 18.
LaTeX Font Info:    ... okay on input line 18.
LaTeX Font Info:    Checking defaults for U/cmr/m/n on input line 18.
LaTeX Font Info:    ... okay on input line 18.
LaTeX Font Info:    Checking defaults for C00/song/m/n on input line 18.
LaTeX Font Info:    ... okay on input line 18.
LaTeX Font Info:    Checking defaults for C05/song/m/n on input line 18.
LaTeX Font Info:    ... okay on input line 18.
LaTeX Font Info:    Checking defaults for C09/song/m/n on input line 18.
LaTeX Font Info:    ... okay on input line 18.
LaTeX Font Info:    Checking defaults for C10/song/m/n on input line 18.
LaTeX Font Info:    ... okay on input line 18.
LaTeX Font Info:    Checking defaults for C20/song/m/n on input line 18.
LaTeX Font Info:    ... okay on input line 18.
LaTeX Font Info:    Checking defaults for C19/song/m/n on input line 18.
LaTeX Font Info:    ... okay on input line 18.
LaTeX Font Info:    Checking defaults for C40/song/m/n on input line 18.
LaTeX Font Info:    ... okay on input line 18.
LaTeX Font Info:    Checking defaults for C42/song/m/n on input line 18.
LaTeX Font Info:    ... okay on input line 18.
LaTeX Font Info:    Checking defaults for C43/song/m/n on input line 18.
LaTeX Font Info:    ... okay on input line 18.
LaTeX Font Info:    Checking defaults for C50/song/m/n on input line 18.
LaTeX Font Info:    ... okay on input line 18.
LaTeX Font Info:    Checking defaults for C52/song/m/n on input line 18.
LaTeX Font Info:    ... okay on input line 18.
LaTeX Font Info:    Checking defaults for C49/song/m/n on input line 18.
LaTeX Font Info:    ... okay on input line 18.
LaTeX Font Info:    Checking defaults for C60/mj/m/n on input line 18.
LaTeX Font Info:    ... okay on input line 18.
LaTeX Font Info:    Checking defaults for C61/mj/m/n on input line 18.
LaTeX Font Info:    ... okay on input line 18.
LaTeX Font Info:    Checking defaults for C63/mj/m/n on input line 18.
LaTeX Font Info:    ... okay on input line 18.
LaTeX Font Info:    Checking defaults for C64/mj/m/n on input line 18.
LaTeX Font Info:    ... okay on input line 18.
LaTeX Font Info:    Checking defaults for C65/mj/m/n on input line 18.
LaTeX Font Info:    ... okay on input line 18.
LaTeX Font Info:    Checking defaults for C70/song/m/n on input line 18.
LaTeX Font Info:    ... okay on input line 18.
LaTeX Font Info:    Checking defaults for C31/song/m/n on input line 18.
LaTeX Font Info:    ... okay on input line 18.
LaTeX Font Info:    Checking defaults for C32/song/m/n on input line 18.
LaTeX Font Info:    ... okay on input line 18.
LaTeX Font Info:    Checking defaults for C33/song/m/n on input line 18.
LaTeX Font Info:    ... okay on input line 18.
LaTeX Font Info:    Checking defaults for C34/song/m/n on input line 18.
LaTeX Font Info:    ... okay on input line 18.
LaTeX Font Info:    Checking defaults for C35/song/m/n on input line 18.
LaTeX Font Info:    ... okay on input line 18.
LaTeX Font Info:    Checking defaults for C36/song/m/n on input line 18.
LaTeX Font Info:    ... okay on input line 18.
LaTeX Font Info:    Checking defaults for C37/song/m/n on input line 18.
LaTeX Font Info:    ... okay on input line 18.
LaTeX Font Info:    Checking defaults for C80/song/m/n on input line 18.
LaTeX Font Info:    ... okay on input line 18.
LaTeX Font Info:    Checking defaults for C81/song/m/n on input line 18.
LaTeX Font Info:    ... okay on input line 18.
LaTeX Font Info:    Checking defaults for C01/song/m/n on input line 18.
LaTeX Font Info:    ... okay on input line 18.
LaTeX Font Info:    Checking defaults for C11/song/m/n on input line 18.
LaTeX Font Info:    ... okay on input line 18.
LaTeX Font Info:    Checking defaults for C21/song/m/n on input line 18.
LaTeX Font Info:    ... okay on input line 18.
LaTeX Font Info:    Checking defaults for C41/song/m/n on input line 18.
LaTeX Font Info:    ... okay on input line 18.
LaTeX Font Info:    Checking defaults for C62/song/m/n on input line 18.
LaTeX Font Info:    ... okay on input line 18.

(D:\CTEX\MiKTeX\tex\latex\cjk\standard.bdg
File: standard.bdg 2008/12/29 4.8.2
)
(D:\CTEX\MiKTeX\tex\latex\cjk\extended.enc
File: extended.enc 2008/12/29 4.8.2
)
(E:\xiaojie\Typeset\TaoBao\20231129\done\extended.chx
File: extended.chx 2004/05/22 4.5.2
)
(D:\CTEX\CTeX\tex\latex\cct\GBKkern.cfg)
(E:\xiaojie\Typeset\TaoBao\20231129\done\aas.cfg)
LaTeX Font Info:    Try loading font information for C19+song on input line 18.


(D:\CTEX\CTeX\tex\latex\CJK\GB\c19song.fd
File: c19song.fd 2009/09/23 4.8.2
) (gbksong.tbl)
\c@theorem=\count144
\c@example=\count145
\c@definition=\count146
\c@corollary=\count147
\c@lemma=\count148


LaTeX Font Warning: Font shape `OT1/cmr/m/n' in size <18.06749> not available
(Font)              size <17.28> substituted on input line 117.

LaTeX Font Info:    Try loading font information for C19+hei on input line 117.

(D:\CTEX\CTeX\tex\latex\CJK\GB\c19hei.fd
File: c19hei.fd 2009/09/23 4.8.2
) (gbkhei.tbl)
LaTeX Font Info:    Calculating math sizes for size <10.53937> on input line 11
7.


LaTeX Font Warning: Font shape `OML/cmm/m/it' in size <10.53937> not available
(Font)              size <10.95> substituted on input line 117.


LaTeX Font Warning: Font shape `OMS/cmsy/m/n' in size <10.53937> not available
(Font)              size <10.95> substituted on input line 117.

LaTeX Font Info:    Try loading font information for U+msa on input line 117.
(D:\CTEX\MiKTeX\tex\latex\amsfonts\umsa.fd
File: umsa.fd 2009/06/22 v3.00 AMS symbols A
)
LaTeX Font Info:    Try loading font information for U+msb on input line 117.

(D:\CTEX\MiKTeX\tex\latex\amsfonts\umsb.fd
File: umsb.fd 2009/06/22 v3.00 AMS symbols B
)
LaTeX Font Info:    Try loading font information for C19+fs on input line 117.

(D:\CTEX\CTeX\tex\latex\CJK\GB\c19fs.fd
File: c19fs.fd 2009/09/23 4.8.2
)
LaTeX Font Info:    Calculating math sizes for size <12.045> on input line 117.



LaTeX Font Warning: Font shape `OT1/cmr/m/n' in size <8.43146> not available
(Font)              size <8> substituted on input line 117.


LaTeX Font Warning: Font shape `OML/cmm/m/it' in size <8.43146> not available
(Font)              size <8> substituted on input line 117.


LaTeX Font Warning: Font shape `OMS/cmsy/m/n' in size <8.43146> not available
(Font)              size <8> substituted on input line 117.

LaTeX Font Info:    Calculating math sizes for size <9.03374> on input line 117
.

LaTeX Font Warning: Font shape `OT1/cmr/m/n' in size <4.51686> not available
(Font)              size <5> substituted on input line 117.


LaTeX Font Warning: Font shape `OML/cmm/m/it' in size <4.51686> not available
(Font)              size <5> substituted on input line 117.


LaTeX Font Warning: Font shape `OMS/cmsy/m/n' in size <4.51686> not available
(Font)              size <5> substituted on input line 117.


LaTeX Font Warning: Font shape `OT1/cmr/m/n' in size <7.52812> not available
(Font)              size <8> substituted on input line 117.

LaTeX Font Info:    Calculating math sizes for size <7.52812> on input line 117
.

LaTeX Font Warning: Font shape `OT1/cmr/m/n' in size <3.76405> not available
(Font)              size <5> substituted on input line 117.


LaTeX Font Warning: Font shape `OML/cmm/m/it' in size <7.52812> not available
(Font)              size <8> substituted on input line 117.


LaTeX Font Warning: Font shape `OML/cmm/m/it' in size <3.76405> not available
(Font)              size <5> substituted on input line 117.


LaTeX Font Warning: Font shape `OMS/cmsy/m/n' in size <7.52812> not available
(Font)              size <8> substituted on input line 117.


LaTeX Font Warning: Font shape `OMS/cmsy/m/n' in size <3.76405> not available
(Font)              size <5> substituted on input line 117.


LaTeX Font Warning: Font shape `OT1/cmr/m/sl' in size <7.52812> not available
(Font)              size <8> substituted on input line 117.


LaTeX Font Warning: Font shape `OT1/cmtt/m/n' in size <10.53937> not available
(Font)              size <10.95> substituted on input line 129.


Underfull \hbox (badness 2478) in paragraph at lines 129--130
[]\C19/song/m/n/10.53937/63 3 \C19/song/m/n/10.53937/64  \C19/song/m/n/10.5393
7/58 © \C19/song/m/n/10.53937/47 m \C19/song/m/n/10.53937/55 © \C19/song/m/n/10
.53937/64 ƒ \C19/song/m/n/10.53937/53 c\OT1/cmr/m/n/10.95 , \C19/song/m/n/10.53
937/60 I \C19/song/m/n/10.53937/61 ‡ \C19/song/m/n/10.53937/62 ^[]\OT1/cmtt/m/n
/10.95 \cntitle\C19/song/m/n/10.53937/48 5 \C19/song/m/n/10.53937/40 ½
 []


Underfull \hbox (badness 2443) in paragraph at lines 129--130
\C19/song/m/n/10.53937/61 Â \C19/song/m/n/10.53937/64 ¥ \C19/song/m/n/10.53937/
58 © \C19/song/m/n/10.53937/37 I \C19/song/m/n/10.53937/57 K\OT1/cmr/m/n/10.95 
, \C19/song/m/n/10.53937/62 ^[]\OT1/cmtt/m/n/10.95 \cnauthor\C19/song/m/n/10.53
937/48 5 \C19/song/m/n/10.53937/40 ½ \C19/song/m/n/10.53937/61 Â \C19/song/m/n/
10.53937/64 ¥ \C19/song/m/n/10.53937/58 © \C19/song/m/n/10.53937/65 Š \C19/song
/m/n/10.53937/63 ö\OT1/cmr/m/n/10.95 ,
 []


Underfull \hbox (badness 1117) in paragraph at lines 129--130
\C19/song/m/n/10.53937/62 ^[]\OT1/cmtt/m/n/10.95 \cnaddress\C19/song/m/n/10.539
37/48 5 \C19/song/m/n/10.53937/40 ½ \C19/song/m/n/10.53937/61 Â \C19/song/m/n/1
0.53937/64 ¥ \C19/song/m/n/10.53937/58 © \C19/song/m/n/10.53937/40 / \C19/song/
m/n/10.53937/64 Œ\OT1/cmr/m/n/10.95 , \C19/song/m/n/10.53937/62 ^[]\OT1/cmtt/m/
n/10.95 \email\C19/song/m/n/10.53937/48 5 \C19/song/m/n/10.53937/40 ½
 []


Underfull \hbox (badness 2951) in paragraph at lines 129--130
\C19/song/m/n/10.53937/61 Â[]\OT1/cmtt/m/n/10.95 \email\C19/song/m/n/10.53937/4
0 / \C19/song/m/n/10.53937/64 Œ\OT1/cmr/m/n/10.95 , \C19/song/m/n/10.53937/62 ^
[]\OT1/cmtt/m/n/10.95 \cnabstract\C19/song/m/n/10.53937/48 5 \C19/song/m/n/10.5
3937/40 ½ \C19/song/m/n/10.53937/61 Â \C19/song/m/n/10.53937/64 ¥ \C19/song/m/n
/10.53937/58 © \C19/song/m/n/10.53937/63 Á
 []


Underfull \hbox (badness 1867) in paragraph at lines 129--130
\C19/song/m/n/10.53937/61 ‡\OT1/cmr/m/n/10.95 , \C19/song/m/n/10.53937/62 ^[]\O
T1/cmtt/m/n/10.95 \cnkeyword\C19/song/m/n/10.53937/48 5 \C19/song/m/n/10.53937/
40 ½ \C19/song/m/n/10.53937/61 Â \C19/song/m/n/10.53937/64 ¥ \C19/song/m/n/10.5
3937/58 © \C19/song/m/n/10.53937/43 ' \C19/song/m/n/10.53937/45 … \C19/song/m/n
/10.53937/39 c\OT1/cmr/m/n/10.95 ; \C19/song/m/n/10.53937/57 Ó \C19/song/m/n/10
.53937/61 \OT1/cmr/m/n/10.95 ,
 []


Underfull \hbox (badness 1337) in paragraph at lines 129--130
\C19/song/m/n/10.53937/61 Â \C19/song/m/n/10.53937/62 = \C19/song/m/n/10.53937/
58 © \C19/song/m/n/10.53937/65 Š \C19/song/m/n/10.53937/63 ö\OT1/cmr/m/n/10.95 
, \C19/song/m/n/10.53937/62 ^[]\OT1/cmtt/m/n/10.95 \enaddress\C19/song/m/n/10.5
3937/48 5 \C19/song/m/n/10.53937/40 ½ \C19/song/m/n/10.53937/61 Â \C19/song/m/n
/10.53937/62 = \C19/song/m/n/10.53937/58 © \C19/song/m/n/10.53937/40 / \C19/son
g/m/n/10.53937/64 Œ\OT1/cmr/m/n/10.95 ,
 []


LaTeX Font Warning: Font shape `OT1/cmr/bx/n' in size <10.53937> not available
(Font)              size <10.95> substituted on input line 133.


Overfull \hbox (2.43333pt too wide) has occurred while \output is active
[] 
 []


Overfull \vbox (13.2914pt too high) has occurred while \output is active []


[1


]

LaTeX Font Warning: Font shape `OML/cmm/b/it' in size <10.53937> not available
(Font)              size <10.95> substituted on input line 200.


LaTeX Font Warning: Font shape `OMS/cmsy/b/n' in size <10.53937> not available
(Font)              size <10.95> substituted on input line 200.


Underfull \hbox (badness 1694) in paragraph at lines 206--207
[]\C19/song/m/n/10.53937/55 ª\OT1/cmr/m/n/10.95 (3)\C19/song/m/n/10.53937/55 ´ 
\C19/song/m/n/10.53937/57 Ï \C19/song/m/n/10.53937/48 9 \C19/song/m/n/10.53937/
40  \C19/song/m/n/10.53937/42 ú \C19/song/m/n/10.53937/55 ª \C19/song/m/n/10.5
3937/40  \C19/song/m/n/10.53937/48 ~ \C19/song/m/n/10.53937/65 f\OT1/cmr/m/n/1
0.95 . \C19/song/m/n/10.53937/47 Œ \C19/song/m/n/10.53937/61 ± \C19/song/m/n/10
.53937/62 ^ \C19/song/m/n/10.53937/44 ‚
 []


Underfull \hbox (badness 1616) in paragraph at lines 206--207
\C19/song/m/n/10.53937/46 ¸[]\OT1/cmtt/m/n/10.95 \end{multicols}|\C19/song/m/n/
10.53937/25 !| []\OT1/cmtt/m/n/10.95 \begin{multicols}{2}\C19/song/m/n/10.53937
/61 ±
 []


Underfull \hbox (badness 1616) in paragraph at lines 210--221
\C19/song/m/n/10.53937/62 ^[]\OT1/cmtt/m/n/10.95 \end{multicols}|\C19/song/m/n/
10.53937/25 !| []\OT1/cmtt/m/n/10.95 \begin{multicols}{2}\C19/song/m/n/10.53937
/61 ±
 []

File: Fig1.eps Graphic file (type eps)
<Fig1.eps>
Underfull \hbox (badness 10000) in paragraph at lines 230--231
[] |\C19/song/m/n/10.53937/25 5|\C19/song/m/n/10.53937/65 g \C19/song/m/n/10.53
937/40 Ä \C19/song/m/n/10.53937/44 z \C19/song/m/n/10.53937/60 Æ \C19/song/m/n/
10.53937/37 |\C19/song/m/n/10.53937/25 6| \C19/song/m/n/10.53937/40  \C19/son
g/m/n/10.53937/37 L \C19/song/m/n/10.53937/42 ‚ \C19/song/m/n/10.53937/37 æ \C1
9/song/m/n/10.53937/62 ^ \C19/song/m/n/10.53937/40  \C19/song/m/n/10.53937/55 
´
 []


Underfull \hbox (badness 10000) in paragraph at lines 230--231
\C19/song/m/n/10.53937/54 n \C19/song/m/n/10.53937/59 ‚ \C19/song/m/n/10.53937/
37 L \C19/song/m/n/10.53937/42 ‚ \C19/song/m/n/10.53937/55 ª\OT1/cmr/m/n/10.95 
. \C19/song/m/n/10.53937/37 L\OT1/cmr/m/n/10.95 1\C19/song/m/n/10.53937/55 ´ \C
19/song/m/n/10.53937/61 ˜ \C19/song/m/n/10.53937/42 ‡ \C19/song/m/n/10.53937/56
 V \C19/song/m/n/10.53937/48 9 \C19/song/m/n/10.53937/40  \C19/song/m/n/10.539
37/37 L
 []


Underfull \hbox (badness 10000) in paragraph at lines 230--231
\C19/song/m/n/10.53937/42 ‚ \C19/song/m/n/10.53937/55 « \C19/song/m/n/10.53937/
48 ~\OT1/cmr/m/n/10.95 , \C19/song/m/n/10.53937/37 L\OT1/cmr/m/n/10.95 2\C19/so
ng/m/n/10.53937/55 ´ \C19/song/m/n/10.53937/61 ˜ \C19/song/m/n/10.53937/42 ‡ \C
19/song/m/n/10.53937/57 Ï \C19/song/m/n/10.53937/48 9 \C19/song/m/n/10.53937/40
  \C19/song/m/n/10.53937/37 L \C19/song/m/n/10.53937/42 ‚ \C19/song/m/n/10.539
37/55 « \C19/song/m/n/10.53937/48 ~\OT1/cmr/m/n/10.95 ,
 []


Underfull \hbox (badness 1616) in paragraph at lines 230--231
\C19/song/m/n/10.53937/62 ^[]\OT1/cmtt/m/n/10.95 \end{multicols}|\C19/song/m/n/
10.53937/25 !| []\OT1/cmtt/m/n/10.95 \begin{multicols}{2}\C19/song/m/n/10.53937
/61 ±
 []


Overfull \vbox (12.23434pt too high) has occurred while \output is active []


[2]
File: Fig2.eps Graphic file (type eps)
 <Fig2.eps>

LaTeX Font Warning: Font shape `OT1/cmr/bx/n' in size <7.52812> not available
(Font)              size <8> substituted on input line 268.


LaTeX Font Warning: Font shape `OT1/cmr/bx/n' in size <3.76405> not available
(Font)              size <5> substituted on input line 268.


Overfull \hbox (0.96097pt too wide) in alignment at lines 268--268
[][][][][]
 []


Overfull \hbox (2.43333pt too wide) has occurred while \output is active
[] 
 []


Overfull \vbox (12.30663pt too high) has occurred while \output is active []


[3

]
File: ssl.eps Graphic file (type eps)
 <ssl.eps>
File: nmzuo.eps Graphic file (type eps)
 <nmzuo.eps>
Underfull \hbox (badness 10000) in paragraph at lines 379--394

 []


Underfull \hbox (badness 10000) in paragraph at lines 379--394

 []


Underfull \hbox (badness 10000) in paragraph at lines 379--394

 []


Underfull \hbox (badness 10000) in paragraph at lines 379--394

 []


Underfull \hbox (badness 10000) in paragraph at lines 379--394

 []


Underfull \hbox (badness 10000) in paragraph at lines 379--394

 []


Underfull \hbox (badness 10000) in paragraph at lines 379--394

 []


Underfull \hbox (badness 10000) in paragraph at lines 379--394

 []


Underfull \hbox (badness 10000) in paragraph at lines 379--394

 []


Underfull \hbox (badness 10000) in paragraph at lines 379--394

 []


Underfull \hbox (badness 10000) in paragraph at lines 379--394

 []


Overfull \vbox (12.23434pt too high) has occurred while \output is active []


[4] (E:\xiaojie\Typeset\TaoBao\20231129\done\template.aux)

LaTeX Font Warning: Size substitutions with differences
(Font)              up to 1.23595pt have occurred.

 ) 
Here is how much of TeX's memory you used:
 5433 strings out of 495355
 73074 string characters out of 3183881
 177209 words of memory out of 3000000
 8404 multiletter control sequences out of 15000+200000
 69428 words of font info for 245 fonts, out of 3000000 for 9000
 14 hyphenation exceptions out of 8191
 42i,21n,33p,1383b,651s stack positions out of 5000i,500n,10000p,200000b,50000s

Output written on template.dvi (4 pages, 32520 bytes).
